<?xml version="1.0" encoding="UTF-8"?>
<testng-results ignored="0" total="1" passed="1" failed="0" skipped="0">
  <reporter-output>
  </reporter-output>
  <suite started-at="2023-12-22T11:51:43 IST" name="Default suite" finished-at="2023-12-22T11:52:48 IST" duration-ms="65072">
    <groups>
    </groups>
    <test started-at="2023-12-22T11:51:43 IST" name="Default test" finished-at="2023-12-22T11:52:48 IST" duration-ms="65072">
      <class name="Test.VRLTest">
        <test-method is-config="true" signature="preconditon()[pri:0, instance:Test.VRLTest@229c6181]" started-at="2023-12-22T11:51:43 IST" name="preconditon" finished-at="2023-12-22T11:51:51 IST" duration-ms="7823" status="PASS">
          <reporter-output>
          </reporter-output>
        </test-method> <!-- preconditon -->
        <test-method signature="testing()[pri:0, instance:Test.VRLTest@229c6181]" started-at="2023-12-22T11:51:51 IST" name="testing" finished-at="2023-12-22T11:51:58 IST" duration-ms="7093" status="PASS">
          <reporter-output>
          </reporter-output>
        </test-method> <!-- testing -->
        <test-method is-config="true" signature="postcondition()[pri:0, instance:Test.VRLTest@229c6181]" started-at="2023-12-22T11:51:58 IST" name="postcondition" finished-at="2023-12-22T11:52:48 IST" duration-ms="50012" status="PASS">
          <reporter-output>
          </reporter-output>
        </test-method> <!-- postcondition -->
      </class> <!-- Test.VRLTest -->
    </test> <!-- Default test -->
  </suite> <!-- Default suite -->
</testng-results>
